<?xml version="1.0" encoding="UTF-8"?>
<testng-results ignored="0" total="1" passed="1" failed="0" skipped="0">
  <reporter-output>
  </reporter-output>
  <suite started-at="2024-12-11T20:50:36 EET" name="Default Suite" finished-at="2024-12-11T20:51:01 EET" duration-ms="24949">
    <groups>
    </groups>
    <test started-at="2024-12-11T20:50:36 EET" name="AutomationExercise_Tasnim_Adel" finished-at="2024-12-11T20:51:01 EET" duration-ms="24949">
      <class name="automation_exercise.tests.SignupandLoginTests">
        <test-method is-config="true" signature="SetUP()[pri:0, instance:automation_exercise.tests.SignupandLoginTests@6b410923]" started-at="2024-12-11T20:50:36 EET" name="SetUP" finished-at="2024-12-11T20:50:48 EET" duration-ms="11744" status="PASS">
          <reporter-output>
          </reporter-output>
        </test-method> <!-- SetUP -->
        <test-method signature="RegisterUser()[pri:0, instance:automation_exercise.tests.SignupandLoginTests@6b410923]" started-at="2024-12-11T20:50:48 EET" name="RegisterUser" description="Test case for Register user" finished-at="2024-12-11T20:51:00 EET" duration-ms="11874" status="PASS">
          <reporter-output>
          </reporter-output>
        </test-method> <!-- RegisterUser -->
        <test-method is-config="true" signature="TearDown()[pri:0, instance:automation_exercise.tests.SignupandLoginTests@6b410923]" started-at="2024-12-11T20:51:00 EET" name="TearDown" finished-at="2024-12-11T20:51:01 EET" duration-ms="974" status="PASS">
          <reporter-output>
          </reporter-output>
        </test-method> <!-- TearDown -->
      </class> <!-- automation_exercise.tests.SignupandLoginTests -->
    </test> <!-- AutomationExercise_Tasnim_Adel -->
  </suite> <!-- Default Suite -->
</testng-results>
